<?xml version="1.0" encoding="UTF-8"?>
<testsuites tests="2" failures="1" disabled="0" errors="0" time="0.054" timestamp="2021-05-22T13:05:39.694" name="AllTests">
  <testsuite name="FooTest" tests="2" failures="1" disabled="0" skipped="0" errors="0" time="0.045" timestamp="2021-05-22T13:05:39.699">
    <testcase name="ZeroEqual" status="run" result="completed" time="0.041" timestamp="2021-05-22T13:05:39.700" classname="FooTest">
      <failure message="D:\mywork3\dll3\plugin\gtest\test_gtest.cpp:62&#x0A;Expected equality of these values:&#x0A;  aInput-&gt;data()&#x0A;    Which is: 4&#x0A;  5" type=""><![CDATA[D:\mywork3\dll3\plugin\gtest\test_gtest.cpp:62
Expected equality of these values:
  aInput->data()
    Which is: 4
  5]]></failure>
      <failure message="D:\mywork3\dll3\plugin\gtest\test_gtest.cpp:66&#x0A;Expected equality of these values:&#x0A;  aInput-&gt;data()&#x0A;    Which is: 5&#x0A;  8" type=""><![CDATA[D:\mywork3\dll3\plugin\gtest\test_gtest.cpp:66
Expected equality of these values:
  aInput->data()
    Which is: 5
  8]]></failure>
    </testcase>
    <testcase name="OneEqual" status="run" result="completed" time="0.001" timestamp="2021-05-22T13:05:39.744" classname="FooTest" />
  </testsuite>
</testsuites>
